# JRE version: OpenJDK Runtime Environment (8.0_212-b04) (build 1.8.0_212-release-1586-b04)
# Java VM: OpenJDK 64-Bit Server VM (25.212-b04 mixed mode windows-amd64 compressed oops)
Heap:
 PSYoungGen      total 390656K, used 386044K [0x00000000e0000000, 0x0000000100000000, 0x0000000100000000)
  eden space 304128K, 98% used [0x00000000e0000000,0x00000000f2482b48,0x00000000f2900000)
  from space 86528K, 99% used [0x00000000fa880000,0x00000000ffcfc670,0x00000000ffd00000)
  to   space 110080K, 0% used [0x00000000f2900000,0x00000000f2900000,0x00000000f9480000)
 ParOldGen       total 273408K, used 193608K [0x00000000a0000000, 0x00000000b0b00000, 0x00000000e0000000)
  object space 273408K, 70% used [0x00000000a0000000,0x00000000abd12370,0x00000000b0b00000)
 Metaspace       used 103160K, capacity 109477K, committed 109656K, reserved 1144832K
  class space    used 13172K, capacity 14307K, committed 14424K, reserved 1048576K
GC Heap History (10 events):
Event: 3328.080 GC heap before
{Heap before GC invocations=25 (full 5):
 PSYoungGen      total 436736K, used 377006K [0x00000000e0000000, 0x0000000100000000, 0x0000000100000000)
  eden space 349184K, 100% used [0x00000000e0000000,0x00000000f5500000,0x00000000f5500000)
  from space 87552K, 31% used [0x00000000f5500000,0x00000000f702b8a8,0x00000000faa80000)
  to   space 82944K, 0% used [0x00000000faf00000,0x00000000faf00000,0x0000000100000000)
 ParOldGen       total 273408K, used 150162K [0x00000000a0000000, 0x00000000b0b00000, 0x00000000e0000000)
  object space 273408K, 54% used [0x00000000a0000000,0x00000000a92a4960,0x00000000b0b00000)
 Metaspace       used 101135K, capacity 106201K, committed 106456K, reserved 1142784K
  class space    used 12950K, capacity 13935K, committed 14040K, reserved 1048576K
Event: 3328.670 GC heap after
Heap after GC invocations=25 (full 5):
 PSYoungGen      total 418816K, used 76099K [0x00000000e0000000, 0x0000000100000000, 0x0000000100000000)
  eden space 335872K, 0% used [0x00000000e0000000,0x00000000e0000000,0x00000000f4800000)
  from space 82944K, 91% used [0x00000000faf00000,0x00000000ff950e40,0x0000000100000000)
  to   space 94208K, 0% used [0x00000000f4800000,0x00000000f4800000,0x00000000fa400000)
 ParOldGen       total 273408K, used 169040K [0x00000000a0000000, 0x00000000b0b00000, 0x00000000e0000000)
  object space 273408K, 61% used [0x00000000a0000000,0x00000000aa514360,0x00000000b0b00000)
 Metaspace       used 101135K, capacity 106201K, committed 106456K, reserved 1142784K
  class space    used 12950K, capacity 13935K, committed 14040K, reserved 1048576K
}
Event: 3510.370 GC heap before
{Heap before GC invocations=26 (full 5):
 PSYoungGen      total 418816K, used 411971K [0x00000000e0000000, 0x0000000100000000, 0x0000000100000000)
  eden space 335872K, 100% used [0x00000000e0000000,0x00000000f4800000,0x00000000f4800000)
  from space 82944K, 91% used [0x00000000faf00000,0x00000000ff950e40,0x0000000100000000)
  to   space 94208K, 0% used [0x00000000f4800000,0x00000000f4800000,0x00000000fa400000)
 ParOldGen       total 273408K, used 169040K [0x00000000a0000000, 0x00000000b0b00000, 0x00000000e0000000)
  object space 273408K, 61% used [0x00000000a0000000,0x00000000aa514360,0x00000000b0b00000)
 Metaspace       used 101343K, capacity 106653K, committed 106968K, reserved 1142784K
  class space    used 12968K, capacity 13967K, committed 14040K, reserved 1048576K
Event: 3510.461 GC heap after
Heap after GC invocations=26 (full 5):
 PSYoungGen      total 430080K, used 19962K [0x00000000e0000000, 0x0000000100000000, 0x0000000100000000)
  eden space 335872K, 0% used [0x00000000e0000000,0x00000000e0000000,0x00000000f4800000)
  from space 94208K, 21% used [0x00000000f4800000,0x00000000f5b7e9b8,0x00000000fa400000)
  to   space 91136K, 0% used [0x00000000fa700000,0x00000000fa700000,0x0000000100000000)
 ParOldGen       total 273408K, used 170108K [0x00000000a0000000, 0x00000000b0b00000, 0x00000000e0000000)
  object space 273408K, 62% used [0x00000000a0000000,0x00000000aa61f230,0x00000000b0b00000)
 Metaspace       used 101343K, capacity 106653K, committed 106968K, reserved 1142784K
  class space    used 12968K, capacity 13967K, committed 14040K, reserved 1048576K
}
Event: 3652.620 GC heap before
{Heap before GC invocations=27 (full 5):
 PSYoungGen      total 430080K, used 355834K [0x00000000e0000000, 0x0000000100000000, 0x0000000100000000)
  eden space 335872K, 100% used [0x00000000e0000000,0x00000000f4800000,0x00000000f4800000)
  from space 94208K, 21% used [0x00000000f4800000,0x00000000f5b7e9b8,0x00000000fa400000)
  to   space 91136K, 0% used [0x00000000fa700000,0x00000000fa700000,0x0000000100000000)
 ParOldGen       total 273408K, used 170108K [0x00000000a0000000, 0x00000000b0b00000, 0x00000000e0000000)
  object space 273408K, 62% used [0x00000000a0000000,0x00000000aa61f230,0x00000000b0b00000)
 Metaspace       used 101646K, capacity 106953K, committed 107224K, reserved 1142784K
  class space    used 12983K, capacity 13993K, committed 14040K, reserved 1048576K
Event: 3652.751 GC heap after
Heap after GC invocations=27 (full 5):
 PSYoungGen      total 424960K, used 9029K [0x00000000e0000000, 0x00000000ffb00000, 0x0000000100000000)
  eden space 338944K, 0% used [0x00000000e0000000,0x00000000e0000000,0x00000000f4b00000)
  from space 86016K, 10% used [0x00000000fa700000,0x00000000fafd1658,0x00000000ffb00000)
  to   space 90112K, 0% used [0x00000000f4b00000,0x00000000f4b00000,0x00000000fa300000)
 ParOldGen       total 273408K, used 170116K [0x00000000a0000000, 0x00000000b0b00000, 0x00000000e0000000)
  object space 273408K, 62% used [0x00000000a0000000,0x00000000aa621230,0x00000000b0b00000)
 Metaspace       used 101646K, capacity 106953K, committed 107224K, reserved 1142784K
  class space    used 12983K, capacity 13993K, committed 14040K, reserved 1048576K
}
Event: 3897.803 GC heap before
{Heap before GC invocations=28 (full 5):
 PSYoungGen      total 424960K, used 347973K [0x00000000e0000000, 0x00000000ffb00000, 0x0000000100000000)
  eden space 338944K, 100% used [0x00000000e0000000,0x00000000f4b00000,0x00000000f4b00000)
  from space 86016K, 10% used [0x00000000fa700000,0x00000000fafd1658,0x00000000ffb00000)
  to   space 90112K, 0% used [0x00000000f4b00000,0x00000000f4b00000,0x00000000fa300000)
 ParOldGen       total 273408K, used 170116K [0x00000000a0000000, 0x00000000b0b00000, 0x00000000e0000000)
  object space 273408K, 62% used [0x00000000a0000000,0x00000000aa621230,0x00000000b0b00000)
 Metaspace       used 102585K, capacity 108689K, committed 108760K, reserved 1144832K
  class space    used 13118K, capacity 14239K, committed 14296K, reserved 1048576K
Event: 3897.915 GC heap after
Heap after GC invocations=28 (full 5):
 PSYoungGen      total 429056K, used 18413K [0x00000000e0000000, 0x00000000ffd00000, 0x0000000100000000)
  eden space 338944K, 0% used [0x00000000e0000000,0x00000000e0000000,0x00000000f4b00000)
  from space 90112K, 20% used [0x00000000f4b00000,0x00000000f5cfb758,0x00000000fa300000)
  to   space 86528K, 0% used [0x00000000fa880000,0x00000000fa880000,0x00000000ffd00000)
 ParOldGen       total 273408K, used 170124K [0x00000000a0000000, 0x00000000b0b00000, 0x00000000e0000000)
  object space 273408K, 62% used [0x00000000a0000000,0x00000000aa623230,0x00000000b0b00000)
 Metaspace       used 102585K, capacity 108689K, committed 108760K, reserved 1144832K
  class space    used 13118K, capacity 14239K, committed 14296K, reserved 1048576K
}
Event: 3907.187 GC heap before
{Heap before GC invocations=29 (full 5):
 PSYoungGen      total 429056K, used 357357K [0x00000000e0000000, 0x00000000ffd00000, 0x0000000100000000)
  eden space 338944K, 100% used [0x00000000e0000000,0x00000000f4b00000,0x00000000f4b00000)
  from space 90112K, 20% used [0x00000000f4b00000,0x00000000f5cfb758,0x00000000fa300000)
  to   space 86528K, 0% used [0x00000000fa880000,0x00000000fa880000,0x00000000ffd00000)
 ParOldGen       total 273408K, used 170124K [0x00000000a0000000, 0x00000000b0b00000, 0x00000000e0000000)
  object space 273408K, 62% used [0x00000000a0000000,0x00000000aa623230,0x00000000b0b00000)
 Metaspace       used 102697K, capacity 108921K, committed 109144K, reserved 1144832K
  class space    used 13134K, capacity 14267K, committed 14424K, reserved 1048576K
Event: 3908.002 GC heap after
Heap after GC invocations=29 (full 5):
 PSYoungGen      total 390656K, used 86513K [0x00000000e0000000, 0x0000000100000000, 0x0000000100000000)
  eden space 304128K, 0% used [0x00000000e0000000,0x00000000e0000000,0x00000000f2900000)
  from space 86528K, 99% used [0x00000000fa880000,0x00000000ffcfc670,0x00000000ffd00000)
  to   space 110080K, 0% used [0x00000000f2900000,0x00000000f2900000,0x00000000f9480000)
 ParOldGen       total 273408K, used 193608K [0x00000000a0000000, 0x00000000b0b00000, 0x00000000e0000000)
  object space 273408K, 70% used [0x00000000a0000000,0x00000000abd12370,0x00000000b0b00000)
 Metaspace       used 102697K, capacity 108921K, committed 109144K, reserved 1144832K
  class space    used 13134K, capacity 14267K, committed 14424K, reserved 1048576K
}

