# JRE version: OpenJDK Runtime Environment (8.0_212-b04) (build 1.8.0_212-release-1586-b04)
# Java VM: OpenJDK 64-Bit Server VM (25.212-b04 mixed mode windows-amd64 compressed oops)
Heap:
 PSYoungGen      total 319488K, used 174775K [0x00000000e0000000, 0x00000000f6200000, 0x0000000100000000)
  eden space 294400K, 50% used [0x00000000e0000000,0x00000000e9230848,0x00000000f1f80000)
  from space 25088K, 99% used [0x00000000f4980000,0x00000000f61fd640,0x00000000f6200000)
  to   space 31232K, 0% used [0x00000000f2500000,0x00000000f2500000,0x00000000f4380000)
 ParOldGen       total 119808K, used 42195K [0x00000000a0000000, 0x00000000a7500000, 0x00000000e0000000)
  object space 119808K, 35% used [0x00000000a0000000,0x00000000a2934f38,0x00000000a7500000)
 Metaspace       used 66988K, capacity 69459K, committed 69592K, reserved 1110016K
  class space    used 9077K, capacity 9628K, committed 9688K, reserved 1048576K
GC Heap History (10 events):
Event: 40.199 GC heap before
{Heap before GC invocations=9 (full 2):
 PSYoungGen      total 201216K, used 11656K [0x00000000e0000000, 0x00000000f0e00000, 0x0000000100000000)
  eden space 187392K, 0% used [0x00000000e0000000,0x00000000e0000000,0x00000000eb700000)
  from space 13824K, 84% used [0x00000000eb700000,0x00000000ec262120,0x00000000ec480000)
  to   space 15360K, 0% used [0x00000000eff00000,0x00000000eff00000,0x00000000f0e00000)
 ParOldGen       total 58880K, used 14801K [0x00000000a0000000, 0x00000000a3980000, 0x00000000e0000000)
  object space 58880K, 25% used [0x00000000a0000000,0x00000000a0e74658,0x00000000a3980000)
 Metaspace       used 34680K, capacity 35404K, committed 35456K, reserved 1079296K
  class space    used 4753K, capacity 4957K, committed 4992K, reserved 1048576K
Event: 40.529 GC heap after
Heap after GC invocations=9 (full 2):
 PSYoungGen      total 201216K, used 0K [0x00000000e0000000, 0x00000000f0e00000, 0x0000000100000000)
  eden space 187392K, 0% used [0x00000000e0000000,0x00000000e0000000,0x00000000eb700000)
  from space 13824K, 0% used [0x00000000eb700000,0x00000000eb700000,0x00000000ec480000)
  to   space 15360K, 0% used [0x00000000eff00000,0x00000000eff00000,0x00000000f0e00000)
 ParOldGen       total 80896K, used 18474K [0x00000000a0000000, 0x00000000a4f00000, 0x00000000e0000000)
  object space 80896K, 22% used [0x00000000a0000000,0x00000000a120a8a0,0x00000000a4f00000)
 Metaspace       used 34680K, capacity 35404K, committed 35456K, reserved 1079296K
  class space    used 4753K, capacity 4957K, committed 4992K, reserved 1048576K
}
Event: 56.999 GC heap before
{Heap before GC invocations=10 (full 2):
 PSYoungGen      total 201216K, used 187392K [0x00000000e0000000, 0x00000000f0e00000, 0x0000000100000000)
  eden space 187392K, 100% used [0x00000000e0000000,0x00000000eb700000,0x00000000eb700000)
  from space 13824K, 0% used [0x00000000eb700000,0x00000000eb700000,0x00000000ec480000)
  to   space 15360K, 0% used [0x00000000eff00000,0x00000000eff00000,0x00000000f0e00000)
 ParOldGen       total 80896K, used 18474K [0x00000000a0000000, 0x00000000a4f00000, 0x00000000e0000000)
  object space 80896K, 22% used [0x00000000a0000000,0x00000000a120a8a0,0x00000000a4f00000)
 Metaspace       used 51420K, capacity 52992K, committed 53248K, reserved 1095680K
  class space    used 6994K, capacity 7376K, committed 7424K, reserved 1048576K
Event: 57.156 GC heap after
Heap after GC invocations=10 (full 2):
 PSYoungGen      total 255488K, used 15338K [0x00000000e0000000, 0x00000000f3500000, 0x0000000100000000)
  eden space 240128K, 0% used [0x00000000e0000000,0x00000000e0000000,0x00000000eea80000)
  from space 15360K, 99% used [0x00000000eff00000,0x00000000f0dfa910,0x00000000f0e00000)
  to   space 20992K, 0% used [0x00000000eea80000,0x00000000eea80000,0x00000000eff00000)
 ParOldGen       total 80896K, used 26136K [0x00000000a0000000, 0x00000000a4f00000, 0x00000000e0000000)
  object space 80896K, 32% used [0x00000000a0000000,0x00000000a1986110,0x00000000a4f00000)
 Metaspace       used 51420K, capacity 52992K, committed 53248K, reserved 1095680K
  class space    used 6994K, capacity 7376K, committed 7424K, reserved 1048576K
}
Event: 64.201 GC heap before
{Heap before GC invocations=11 (full 2):
 PSYoungGen      total 255488K, used 118498K [0x00000000e0000000, 0x00000000f3500000, 0x0000000100000000)
  eden space 240128K, 42% used [0x00000000e0000000,0x00000000e64be040,0x00000000eea80000)
  from space 15360K, 99% used [0x00000000eff00000,0x00000000f0dfa910,0x00000000f0e00000)
  to   space 20992K, 0% used [0x00000000eea80000,0x00000000eea80000,0x00000000eff00000)
 ParOldGen       total 80896K, used 26136K [0x00000000a0000000, 0x00000000a4f00000, 0x00000000e0000000)
  object space 80896K, 32% used [0x00000000a0000000,0x00000000a1986110,0x00000000a4f00000)
 Metaspace       used 57174K, capacity 59081K, committed 59096K, reserved 1099776K
  class space    used 7917K, capacity 8393K, committed 8408K, reserved 1048576K
Event: 64.335 GC heap after
Heap after GC invocations=11 (full 2):
 PSYoungGen      total 261120K, used 20975K [0x00000000e0000000, 0x00000000f6200000, 0x0000000100000000)
  eden space 240128K, 0% used [0x00000000e0000000,0x00000000e0000000,0x00000000eea80000)
  from space 20992K, 99% used [0x00000000eea80000,0x00000000efefbfa0,0x00000000eff00000)
  to   space 25088K, 0% used [0x00000000f4980000,0x00000000f4980000,0x00000000f6200000)
 ParOldGen       total 80896K, used 27533K [0x00000000a0000000, 0x00000000a4f00000, 0x00000000e0000000)
  object space 80896K, 34% used [0x00000000a0000000,0x00000000a1ae36d8,0x00000000a4f00000)
 Metaspace       used 57174K, capacity 59081K, committed 59096K, reserved 1099776K
  class space    used 7917K, capacity 8393K, committed 8408K, reserved 1048576K
}
Event: 64.335 GC heap before
{Heap before GC invocations=12 (full 3):
 PSYoungGen      total 261120K, used 20975K [0x00000000e0000000, 0x00000000f6200000, 0x0000000100000000)
  eden space 240128K, 0% used [0x00000000e0000000,0x00000000e0000000,0x00000000eea80000)
  from space 20992K, 99% used [0x00000000eea80000,0x00000000efefbfa0,0x00000000eff00000)
  to   space 25088K, 0% used [0x00000000f4980000,0x00000000f4980000,0x00000000f6200000)
 ParOldGen       total 80896K, used 27533K [0x00000000a0000000, 0x00000000a4f00000, 0x00000000e0000000)
  object space 80896K, 34% used [0x00000000a0000000,0x00000000a1ae36d8,0x00000000a4f00000)
 Metaspace       used 57174K, capacity 59081K, committed 59096K, reserved 1099776K
  class space    used 7917K, capacity 8393K, committed 8408K, reserved 1048576K
Event: 65.139 GC heap after
Heap after GC invocations=12 (full 3):
 PSYoungGen      total 261120K, used 0K [0x00000000e0000000, 0x00000000f6200000, 0x0000000100000000)
  eden space 240128K, 0% used [0x00000000e0000000,0x00000000e0000000,0x00000000eea80000)
  from space 20992K, 0% used [0x00000000eea80000,0x00000000eea80000,0x00000000eff00000)
  to   space 25088K, 0% used [0x00000000f4980000,0x00000000f4980000,0x00000000f6200000)
 ParOldGen       total 119808K, used 36223K [0x00000000a0000000, 0x00000000a7500000, 0x00000000e0000000)
  object space 119808K, 30% used [0x00000000a0000000,0x00000000a235fc90,0x00000000a7500000)
 Metaspace       used 57174K, capacity 59081K, committed 59096K, reserved 1099776K
  class space    used 7917K, capacity 8393K, committed 8408K, reserved 1048576K
}
Event: 102.108 GC heap before
{Heap before GC invocations=13 (full 3):
 PSYoungGen      total 261120K, used 240128K [0x00000000e0000000, 0x00000000f6200000, 0x0000000100000000)
  eden space 240128K, 100% used [0x00000000e0000000,0x00000000eea80000,0x00000000eea80000)
  from space 20992K, 0% used [0x00000000eea80000,0x00000000eea80000,0x00000000eff00000)
  to   space 25088K, 0% used [0x00000000f4980000,0x00000000f4980000,0x00000000f6200000)
 ParOldGen       total 119808K, used 36223K [0x00000000a0000000, 0x00000000a7500000, 0x00000000e0000000)
  object space 119808K, 30% used [0x00000000a0000000,0x00000000a235fc90,0x00000000a7500000)
 Metaspace       used 62589K, capacity 64941K, committed 65240K, reserved 1105920K
  class space    used 8548K, capacity 9105K, committed 9176K, reserved 1048576K
Event: 102.404 GC heap after
Heap after GC invocations=13 (full 3):
 PSYoungGen      total 319488K, used 25077K [0x00000000e0000000, 0x00000000f6200000, 0x0000000100000000)
  eden space 294400K, 0% used [0x00000000e0000000,0x00000000e0000000,0x00000000f1f80000)
  from space 25088K, 99% used [0x00000000f4980000,0x00000000f61fd640,0x00000000f6200000)
  to   space 31232K, 0% used [0x00000000f2500000,0x00000000f2500000,0x00000000f4380000)
 ParOldGen       total 119808K, used 42195K [0x00000000a0000000, 0x00000000a7500000, 0x00000000e0000000)
  object space 119808K, 35% used [0x00000000a0000000,0x00000000a2934f38,0x00000000a7500000)
 Metaspace       used 62589K, capacity 64941K, committed 65240K, reserved 1105920K
  class space    used 8548K, capacity 9105K, committed 9176K, reserved 1048576K
}

